08:33:38    16 -->                                                             [tcl] ucliGUI::connect -toolargs -ucligui -toolexe ./simv -cm line+cond+fsm+branch+tgl -pid 4048 -toolin /tmp/vcs_20201107003326_4047_edauser..stdin -toolout /tmp/vcs_20201107003326_4047_edauser..stdout  
08:33:38    17 -->                                                                 [tcl] set ucliGUI::state
08:33:38    18 -->                                                                     [tcl] gui_update_simulator_buttons
08:33:39    19 -->                                                                         [tcl] set ucliGUI::state
08:33:39    20 -->                                                                             [tcl] ucliCore::getToolPID
08:33:39    21 -->                                                                                 [tcl] synopsys::env hasTB
08:33:39    22 -->                                                                                     [tcl] trigger_hier_stack_context_switch 0
08:33:39    23 -->                                                                                         [tcl] synopsys::xml set_array_limit <data limit="50" />
08:33:39    24 -->                                                                                             [tcl] synopsys::xml set_depth_limit <data limit="100" />
08:33:39    25 --> ...  [tcl] synopsys::xml set_string_limit <data limit="1000" />
08:33:39    26 --> ...      [tcl] synopsys::xml set_only_active_frame <data value="1" />
08:33:39    27 --> ...          [tcl] synopsys::xml set_variable_frame_id <data value="1" />
08:33:39    28 --> ...              [tcl] gui_get_env SIMSETUP::SIMVPD
08:33:39    29 --> ...                  [tcl] synUtils::setDVEInitPhase 1
08:33:39    30 --> ...                      [tcl] synopsys::dump -type VPD -file /mnt/hgfs/SF/FPU/Processor/verification/target/inter.vpd -locking
08:33:39    31 --> ...                          [tcl] synopsys::dump -autoflush on -fid VPD0
08:33:39    32 --> ...                              [tcl] synUtils::setDVEInitPhase 0
08:33:39    33 --> ...                                  [tcl] ucliCore::getToolPID
08:33:39    34 --> ...                                      [tcl] synUtils::sendTool -active {_icl_start_rpc -version "G-2012.09"}
08:33:39    35 --> ...                                          [tcl] set ::dve_fid VPD0
08:33:39    36 --> ...                                              [tcl] dveMisc::vbusExpand tb
08:33:39    37 --> ...                                                  [tcl] config endofsim noexit
08:33:39    38 --> ...                                                      [tcl] config onfail enable all
08:33:39    39 --> ...                                                          [tcl] synopsys::listing -disable
08:33:50    40 --> ...                                                              [tcl] dveMisc::vbusExpand tb.x_processor
08:33:52    41 --> ...                                                                  [tcl] synopsys::dump -add {tb.x_processor.addps tb.x_processor.adds tb.x_processor.argument tb.x_processor.cpu_clock tb.x_processor.cpu_reset_b tb.x_processor.cvtpss tb.x_processor.cvtspl tb.x_processor.cvtspu tb.x_processor.cvtsw tb.x_processor.cvtws tb.x_processor.data_FPR tb.x_processor.data_GPR tb.x_processor.data_access_req tb.x_processor.data_address tb.x_processor.divs tb.x_processor.exception tb.x_processor.fd tb.x_processor.fmt tb.x_processor.fmt_ps tb.x_processor.fmt_s tb.x_processor.fmt_w tb.x_processor.fpu_instr tb.x_processor.fs tb.x_processor.ft tb.x_processor.func tb.x_processor.func_add tb.x_processor.func_cvtps tb.x_processor.func_cvts tb.x_processor.func_cvtspl tb.x_processor.func_cvtspu tb.x_processor.func_cvtw tb.x_processor.func_div tb.x_processor.func_mul tb.x_processor.func_sub tb.x_processor.idle tb.x_processor.imm tb.x_processor.ins_fetch_req tb.x_processor.ins_pc tb.x_processor.instruction tb.x_processor.mfc1 tb.x_processor.mtc1 tb.x_processor.mulps tb.x_processor.muls tb.x_processor.op_cop1 tb.x_processor.op_lui tb.x_processor.op_ori tb.x_processor.opcode tb.x_processor.rdata tb.x_processor.rdata_temp tb.x_processor.result tb.x_processor.rs tb.x_processor.rt tb.x_processor.subps tb.x_processor.subs tb.x_processor.wdata tb.x_processor.wen } -aggregates  -fid VPD0
08:33:53    42 --> ...                                                                      [tcl] synopsys::run
08:33:53    43 --> ...                                                                          [tcl] set ucliGUI::state
08:33:53    44 --> ...                                                                              [tcl] set ucliGUI::state
08:33:53    45 --> ...                                                                                  [tcl] gui_update_simulator_buttons
08:33:53    46 --> ...                                                                                      [tcl] set ucliGUI::state
08:33:53    47 --> ...                                                                                          [tcl] set ucliGUI::state
08:33:53    48 --> ...                                                                                              [tcl] catch {senv activeDomain} dveMisc::result 
08:33:53    49 --> ...                                                                                                  [tcl] set dveMisc::result
08:33:53    50 --> ...  [tcl] gui_update_simulator_buttons
08:33:53    51 --> ...      [tcl] synopsys::xml get_stop_data
08:33:53    52 --> ...          [tcl] synopsys::xml {frames <data updateType="preserve" itemId="none" viewId="Stack.1" />}
08:33:54    53 --> ...              [tcl] dveMisc::vbusExpand {tb.unnamed$$_13}
