Chronologic VCS simulator copyright 1991-2012
Contains Synopsys proprietary information.
Compiler version G-2012.09; Runtime version G-2012.09;  Nov  7 08:33 2020
 VCS Coverage Metrics Release G-2012.09 Copyright (c) 1991-2012 by Synopsys Inc.
VCD+ Writer G-2012.09 Copyright (c) 1991-2012 by Synopsys Inc.
The file '/mnt/hgfs/SF/FPU/Processor/verification/target/inter.vpd' was opened successfully.
mem_temp.size=        29
x_ins_memory.data_cell[          0]=00000000
x_ins_memory.data_cell[          1]=3c006af0
x_ins_memory.data_cell[          2]=44800000
x_ins_memory.data_cell[          3]=3401550f
x_ins_memory.data_cell[          4]=44810800
x_ins_memory.data_cell[          5]=46000880
x_ins_memory.data_cell[          6]=44021000
x_ins_memory.data_cell[          7]=460008c1
x_ins_memory.data_cell[          8]=44031800
x_ins_memory.data_cell[          9]=46000902
x_ins_memory.data_cell[         10]=44042000
x_ins_memory.data_cell[         11]=46010143
x_ins_memory.data_cell[         12]=44052800
x_ins_memory.data_cell[         13]=46c01180
x_ins_memory.data_cell[         14]=44063000
x_ins_memory.data_cell[         15]=46c221c1
x_ins_memory.data_cell[         16]=44073800
x_ins_memory.data_cell[         17]=46c22202
x_ins_memory.data_cell[         18]=44084000
x_ins_memory.data_cell[         19]=46040266
x_ins_memory.data_cell[         20]=44094800
x_ins_memory.data_cell[         21]=468022a0
x_ins_memory.data_cell[         22]=440a5000
x_ins_memory.data_cell[         23]=46002ae4
x_ins_memory.data_cell[         24]=440b5800
x_ins_memory.data_cell[         25]=46c03328
x_ins_memory.data_cell[         26]=440c6000
x_ins_memory.data_cell[         27]=46c04360
x_ins_memory.data_cell[         28]=440d5800
x_ins_memory.data_cell[         29]=xxxxxxxx
**********************************************
*     reset finish!!! case run!!!!           *
**********************************************
**********************************************
*   meeting max simulation time, stop!       *
**********************************************
$finish called from file "/mnt/hgfs/SF/FPU/Processor//testbench/tb.v", line 90.
$finish at simulation time                 6000
Simulation complete, time is 600000 ps.
           V C S   S i m u l a t i o n   R e p o r t 
Time: 600000 ps
CPU Time:      0.090 seconds;       Data structure size:   0.0Mb
Sat Nov  7 08:33:53 2020
