# Preference setting overrides
gui_create_pref_key -category {Globals} -key {load_detail_for_funcov} -value_type {bool} -value {false}
gui_create_pref_key -category {Hier} -key {showPowerSwitch} -value_type {bool} -value {false}
gui_create_pref_category -category {dlg_settings}
gui_create_pref_key -category {dlg_settings} -key {tableWithImmediatePopup} -value_type {bool} -value {true}
gui_create_pref_category -category {schem_obj_name}
gui_create_pref_key -category {schem_obj_name} -key {show_cell_and_pin_with_symbol_name} -value_type {bool} -value {false}
gui_create_pref_key -category {schem_pin_hc} -key {textExtFont} -value_type {string} -value {Helvetica,10,-1,5,50,0,0,0,0,0}

# State setting overrides
gui_state_default_create -off -ini
gui_set_state_value -category Globals -key recent_cov_databases -value {{gui_cov_open_dlg -showgui -design /home/edauser/FPU/Processor/verification/target/simv.vdb} {gui_cov_open_dlg -showgui -design /mnt/hgfs/SF/FPU/Processor/verification/target/simv.vdb} {gui_cov_open_dlg -showgui -design /mnt/hgfs/SF/HD32/simv.vdb}}
gui_set_state_value -category Globals -key recent_databases -value {{gui_open_db -file /mnt/hgfs/SF/FPU/Processor/verification/target/test.vcd -design V2} {gui_open_db -file /mnt/hgfs/SF/FPU/Processor/verification/target/inter.vpd -design V1} {gui_open_db -file /home/edauser/HD32/inter.vpd -design V1}}
gui_set_state_value -category Globals -key recent_sessions -value {{gui_load_session -file /mnt/hgfs/SF/FPU/Processor/verification/target/DVEfiles/dve_checkpoint_35016_3.tcl} {gui_load_session -file /mnt/hgfs/SF/FPU/Processor/verification/target/DVEfiles/dve_checkpoint_35016_2.tcl} {gui_load_session -file /mnt/hgfs/SF/FPU/Processor/verification/target/DVEfiles/dve_checkpoint_35016_1.tcl}}
gui_set_state_value -category Layout -key child_console_size_x -value 1673
gui_set_state_value -category Layout -key child_console_size_y -value 156
gui_set_state_value -category Layout -key child_covdetail_docknewline -value false
gui_set_state_value -category Layout -key child_covdetail_pos_x -value {-2}
gui_set_state_value -category Layout -key child_covdetail_pos_y -value {-15}
gui_set_state_value -category Layout -key child_covdetail_size_x -value 515
gui_set_state_value -category Layout -key child_covdetail_size_y -value 379
gui_set_state_value -category Layout -key child_coveragemap_docknewline -value false
gui_set_state_value -category Layout -key child_coveragemap_pos_x -value {-2}
gui_set_state_value -category Layout -key child_coveragemap_pos_y -value {-15}
gui_set_state_value -category Layout -key child_coveragemap_size_x -value 760
gui_set_state_value -category Layout -key child_coveragemap_size_y -value 468
gui_set_state_value -category Layout -key child_coveragetable_docknewline -value false
gui_set_state_value -category Layout -key child_coveragetable_pos_x -value {-2}
gui_set_state_value -category Layout -key child_coveragetable_pos_y -value {-15}
gui_set_state_value -category Layout -key child_coveragetable_size_x -value 510
gui_set_state_value -category Layout -key child_coveragetable_size_y -value 374
gui_set_state_value -category Layout -key child_data_coltype -value 128
gui_set_state_value -category Layout -key child_data_colvalue -value 198
gui_set_state_value -category Layout -key child_data_colvariable -value 214
gui_set_state_value -category Layout -key child_data_size_x -value 519
gui_set_state_value -category Layout -key child_data_size_y -value 428
gui_set_state_value -category Layout -key child_driver_size_x -value 1382
gui_set_state_value -category Layout -key child_driver_size_y -value 179
gui_set_state_value -category Layout -key child_hier_col3 -value {-1}
gui_set_state_value -category Layout -key child_hier_colhier -value 163
gui_set_state_value -category Layout -key child_hier_colpd -value 0
gui_set_state_value -category Layout -key child_hier_coltype -value 68
gui_set_state_value -category Layout -key child_hier_size_x -value 185
gui_set_state_value -category Layout -key child_hier_size_y -value 428
gui_set_state_value -category Layout -key child_schematic_docknewline -value false
gui_set_state_value -category Layout -key child_schematic_pos_x -value {-2}
gui_set_state_value -category Layout -key child_schematic_pos_y -value {-15}
gui_set_state_value -category Layout -key child_schematic_size_x -value 1389
gui_set_state_value -category Layout -key child_schematic_size_y -value 431
gui_set_state_value -category Layout -key child_source_docknewline -value false
gui_set_state_value -category Layout -key child_source_pos_x -value {-2}
gui_set_state_value -category Layout -key child_source_pos_y -value {-15}
gui_set_state_value -category Layout -key child_source_size_x -value 972
gui_set_state_value -category Layout -key child_source_size_y -value 423
gui_set_state_value -category Layout -key child_wave_colname -value 267
gui_set_state_value -category Layout -key child_wave_colvalue -value 268
gui_set_state_value -category Layout -key child_wave_left -value 539
gui_set_state_value -category Layout -key child_wave_right -value 1314
gui_set_state_value -category Layout -key cov_main_pos_x -value 53
gui_set_state_value -category Layout -key cov_main_pos_y -value 177
gui_set_state_value -category Layout -key cov_main_size_x -value 758
gui_set_state_value -category Layout -key cov_main_size_y -value 872
gui_set_state_value -category Layout -key main_pos_x -value 137
gui_set_state_value -category Layout -key main_pos_y -value 359
gui_set_state_value -category Layout -key main_size_x -value 1810
gui_set_state_value -category Layout -key main_size_y -value 1050
gui_set_state_value -category Layout -key stand_source_child_pos_x -value {-2}
gui_set_state_value -category Layout -key stand_source_child_pos_y -value {-15}
gui_set_state_value -category Layout -key stand_source_child_size_x -value 942
gui_set_state_value -category Layout -key stand_source_child_size_y -value 359
gui_set_state_value -category Layout -key stand_source_top_pos_x -value 454
gui_set_state_value -category Layout -key stand_source_top_pos_y -value 411
gui_set_state_value -category Layout -key stand_source_top_size_x -value 953
gui_set_state_value -category Layout -key stand_source_top_size_y -value 810
gui_set_state_value -category Layout -key stand_wave_child_docknewline -value false
gui_set_state_value -category Layout -key stand_wave_child_pos_x -value {-2}
gui_set_state_value -category Layout -key stand_wave_child_pos_y -value {-15}
gui_set_state_value -category Layout -key stand_wave_child_size_x -value 1863
gui_set_state_value -category Layout -key stand_wave_child_size_y -value 886
gui_set_state_value -category Layout -key stand_wave_top_pos_x -value 59
gui_set_state_value -category Layout -key stand_wave_top_pos_y -value 52
gui_set_state_value -category Layout -key stand_wave_top_size_x -value 1917
gui_set_state_value -category Layout -key stand_wave_top_size_y -value 1050
gui_create_state_key -category FindDialog -key m_pMatchCase -value_type bool -value false
gui_create_state_key -category FindDialog -key m_pMatchWord -value_type bool -value false
gui_create_state_key -category FindDialog -key m_pUseCombo -value_type string -value {}
gui_create_state_key -category FindDialog -key m_pWrapAround -value_type bool -value true
gui_create_state_key -category Layout_CoverageTable_covtblFGroupsList -key names -value_type string -value {Group, ,  ,   ,Score,}
gui_create_state_key -category Layout_CoverageTable_covtblFGroupsList -key orders -value_type string -value 3,0,1,2,4,
gui_create_state_key -category Layout_CoverageTable_covtblFGroupsList -key widths -value_type string -value 220,25,0,0,125,
gui_create_state_key -category Layout_CoverageTable_covtblInstancesList -key names -value_type string -value {Name, ,  ,   ,Score,Line,Toggle,FSM,Condition,Branch,}
gui_create_state_key -category Layout_CoverageTable_covtblInstancesList -key orders -value_type string -value 3,0,1,2,4,5,6,7,8,9,
gui_create_state_key -category Layout_CoverageTable_covtblInstancesList -key widths -value_type string -value 220,25,0,0,125,125,125,125,123,125,
gui_create_state_key -category Layout_CoverageTable_covtblModulesList -key names -value_type string -value {Name, ,  ,   ,Score,Line,Toggle,FSM,Condition,Branch,}
gui_create_state_key -category Layout_CoverageTable_covtblModulesList -key orders -value_type string -value 3,0,1,2,4,5,6,7,8,9,
gui_create_state_key -category Layout_CoverageTable_covtblModulesList -key widths -value_type string -value 220,25,0,0,125,125,125,125,125,125,
gui_create_state_key -category Layout_CovDetail_lnListView -key names -value_type string -value Category,Coverage,
gui_create_state_key -category Layout_CovDetail_lnListView -key orders -value_type string -value 0,1,
gui_create_state_key -category Layout_CovDetail_lnListView -key widths -value_type string -value 110,125,
gui_create_state_key -category Layout_CovDetail_tglListView -key names -value_type string -value {Variable, ,  ,   ,Type,Coverage,Display,}
gui_create_state_key -category Layout_CovDetail_tglListView -key orders -value_type string -value 3,0,1,2,4,5,6,
gui_create_state_key -category Layout_CovDetail_tglListView -key widths -value_type string -value 140,25,0,0,50,125,715,
gui_create_state_key -category Layout_CovDetail_tglDetailListView -key names -value_type string -value {Variable, ,  ,   ,0->1,1->0,}
gui_create_state_key -category Layout_CovDetail_tglDetailListView -key orders -value_type string -value 3,0,1,2,4,5,
gui_create_state_key -category Layout_CovDetail_tglDetailListView -key widths -value_type string -value 140,25,0,0,50,50,
gui_create_state_key -category Layout_CovDetail_fsmListView -key names -value_type string -value {FSM, ,  ,   ,State,Transition,Sequence,}
gui_create_state_key -category Layout_CovDetail_fsmListView -key orders -value_type string -value 3,0,1,2,5,4,6,
gui_create_state_key -category Layout_CovDetail_fsmListView -key widths -value_type string -value 64,25,0,0,125,125,125,
gui_create_state_key -category Layout_CovDetail_fsmlist -key names -value_type string -value {Coverage, ,  ,   ,Transition,}
gui_create_state_key -category Layout_CovDetail_fsmlist -key orders -value_type string -value 3,0,1,2,4,
gui_create_state_key -category Layout_CovDetail_fsmlist -key widths -value_type string -value 125,25,0,0,74,
gui_create_state_key -category Layout_CovDetail_cndListView -key names -value_type string -value {Expression, ,  ,   ,ID,Coverage,Line No.,}
gui_create_state_key -category Layout_CovDetail_cndListView -key orders -value_type string -value 3,0,1,2,4,5,6,
gui_create_state_key -category Layout_CovDetail_cndListView -key widths -value_type string -value 413,25,0,0,0,125,88,
gui_create_state_key -category Layout_CovDetail_brListView -key names -value_type string -value {Name, ,  ,   ,Coverage,Line No.,-1-,}
gui_create_state_key -category Layout_CovDetail_brListView -key orders -value_type string -value 3,0,1,2,4,5,6,
gui_create_state_key -category Layout_CovDetail_brListView -key widths -value_type string -value 100,25,0,0,125,64,47,
gui_create_state_key -category Layout_CovDetail_designAssertListView -key names -value_type string -value {Assert Name, ,  ,   ,Attempts,Real Successes,Failures,Incompletes,Category,Severity,}
gui_create_state_key -category Layout_CovDetail_designAssertListView -key orders -value_type string -value 3,0,1,2,4,5,6,7,8,9,
gui_create_state_key -category Layout_CovDetail_designAssertListView -key widths -value_type string -value 109,25,0,0,65,98,61,83,66,60,
gui_create_state_key -category Layout_CovDetail_codeMiddleSplitter -key value1 -value_type integer -value 762
gui_create_state_key -category Layout_CovDetail_codeMiddleSplitter -key value2 -value_type integer -value 930
gui_create_state_key -category Layout_CovDetail_cndSplitter -key value1 -value_type integer -value 385
gui_create_state_key -category Layout_CovDetail_cndSplitter -key value2 -value_type integer -value 100
gui_create_state_key -category Layout_CovDetail_covGrpInsListView -key names -value_type string -value {Cover Group Item, ,  ,   ,Definition,Score,Goal,Weight,}
gui_create_state_key -category Layout_CovDetail_covGrpInsListView -key orders -value_type string -value 3,0,1,2,4,5,6,7,
gui_create_state_key -category Layout_CovDetail_covGrpInsListView -key widths -value_type string -value 139,25,0,0,72,125,43,56,
gui_create_state_key -category Layout_CovDetail_covGrpDefListView -key names -value_type string -value {Cover Group Item, ,  ,   ,Score,Goal,Weight,}
gui_create_state_key -category Layout_CovDetail_covGrpDefListView -key orders -value_type string -value 3,0,1,2,4,5,6,
gui_create_state_key -category Layout_CovDetail_covGrpDefListView -key widths -value_type string -value 139,25,0,0,125,43,56,
gui_create_state_key -category Layout_CovDetail_m_CovGrpTable -key names -value_type string -value {Bin Name, ,  ,   ,Status,At Least,Size,Hit Count,}
gui_create_state_key -category Layout_CovDetail_m_CovGrpTable -key orders -value_type string -value 3,0,1,2,4,5,6,7,
gui_create_state_key -category Layout_CovDetail_m_CovGrpTable -key widths -value_type string -value 95,25,0,0,150,61,39,71,
gui_create_state_key -category {Layout_CovDetail_assertion list} -key names -value_type string -value {Instance, ,  ,   ,Assert Name,Attempts,Real Successes,Failures,Incompletes,Category,Severity,}
gui_create_state_key -category {Layout_CovDetail_assertion list} -key orders -value_type string -value 3,0,1,2,4,5,6,7,8,9,10,
gui_create_state_key -category {Layout_CovDetail_assertion list} -key widths -value_type string -value 85,25,0,0,86,65,98,110,83,66,60,
gui_create_state_key -category Layout_CovDetail_funMiddleSplitter -key value1 -value_type integer -value 42
gui_create_state_key -category Layout_CovDetail_funMiddleSplitter -key value2 -value_type integer -value 42
gui_create_state_key -category Layout_CovDetail_splitterWithPrefVal -key value1 -value_type integer -value 100
gui_create_state_key -category Layout_CovDetail_splitterWithPrefVal -key value2 -value_type integer -value 247
gui_create_state_key -category Widget_History -key Find|m_pFindFrame|m_pFindCombo -value_type string -value wdata
gui_create_state_key -category Widget_History -key Search.1|m_pStringCombo -value_type string -value instruction
gui_create_state_key -category Widget_History -key TopLevel.1|qt_top_dock|&Edit|FindCombo -value_type string -value wdata
gui_create_state_key -category Widget_History -key TopLevel.2|qt_top_dock|&Edit|FindCombo -value_type string -value wdata
gui_create_state_key -category SearchDialog -key MatchCase -value_type bool -value false
gui_create_state_key -category SearchDialog -key MatchWord -value_type bool -value true
gui_create_state_key -category SearchDialog -key SearchMode -value_type string -value Wildcards
gui_create_state_key -category SearchDialog -key UseCombo -value_type bool -value true
gui_create_state_key -category Layout_CovDetail_vector -key names -value_type string -value {ID, ,  ,   ,Coverage,1,2,3,}
gui_create_state_key -category Layout_CovDetail_vector -key orders -value_type string -value 3,0,1,2,4,5,6,7,
gui_create_state_key -category Layout_CovDetail_vector -key widths -value_type string -value 0,25,0,0,80,23,23,23,
gui_state_default_create -off

# Begin command logging
gui_set_pref_value -category {Globals} -key {smart_resize} -value {false}
gui_set_pref_value -category {Globals} -key {smart_resize} -value {true}
gui_sim_run Ucli -exe ./simv -args {-ucligui  -cm line+cond+fsm+branch+tgl} -dir .
gui_list_expand -id  Hier.1   tb
gui_list_select -id Hier.1 -current_item_name tb.x_processor -current_item_type Scope  -selected  { tb.x_processor   }
gui_list_select -id Data.1 -selected  { {tb.x_processor.data_GPR[31:0]}   }
gui_list_select_all -id Data.1
gui_open_window Wave
gui_list_add -id Wave.1 -from Data.1 { tb.x_processor.cpu_clock tb.x_processor.cpu_reset_b {tb.x_processor.instruction[31:0]} {tb.x_processor.rdata[31:0]} {tb.x_processor.result[31:0]} tb.x_processor.exception {tb.x_processor.data_FPR[31:0]} tb.x_processor.ins_fetch_req {tb.x_processor.ins_pc[31:0]} tb.x_processor.data_access_req {tb.x_processor.data_address[31:0]} tb.x_processor.wen {tb.x_processor.wdata[31:0]} {tb.x_processor.fpu_instr[3:0]} {tb.x_processor.data_GPR[31:0]} {tb.x_processor.argument[2:0][4:0]} {tb.x_processor.opcode[5:0]} {tb.x_processor.fmt[4:0]} {tb.x_processor.ft[4:0]} {tb.x_processor.rs[4:0]} {tb.x_processor.rt[4:0]} {tb.x_processor.fs[4:0]} {tb.x_processor.fd[4:0]} {tb.x_processor.func[5:0]} {tb.x_processor.imm[15:0]} {tb.x_processor.rdata_temp[31:0]} {tb.x_processor.op_lui[5:0]} {tb.x_processor.op_ori[5:0]} {tb.x_processor.op_cop1[5:0]} {tb.x_processor.func_add[5:0]} {tb.x_processor.func_sub[5:0]} {tb.x_processor.func_mul[5:0]} {tb.x_processor.func_div[5:0]} {tb.x_processor.func_cvtps[5:0]} {tb.x_processor.func_cvts[5:0]} {tb.x_processor.func_cvtw[5:0]} {tb.x_processor.func_cvtspl[5:0]} {tb.x_processor.func_cvtspu[5:0]} {tb.x_processor.fmt_s[4:0]} {tb.x_processor.fmt_ps[4:0]} {tb.x_processor.fmt_w[4:0]} {tb.x_processor.idle[3:0]} {tb.x_processor.adds[3:0]} {tb.x_processor.addps[3:0]} {tb.x_processor.subs[3:0]} {tb.x_processor.subps[3:0]} {tb.x_processor.muls[3:0]} {tb.x_processor.mulps[3:0]} {tb.x_processor.divs[3:0]} {tb.x_processor.cvtpss[3:0]} {tb.x_processor.cvtsw[3:0]} {tb.x_processor.cvtws[3:0]} {tb.x_processor.cvtspl[3:0]} {tb.x_processor.cvtspu[3:0]} {tb.x_processor.mfc1[3:0]} {tb.x_processor.mtc1[3:0]} } -insertionbar
gui_sim_continue  
gui_zoom -window Wave.1 -full
gui_list_select -id Wave.1 -selected  { {tb.x_processor.instruction[31:0]}   }
gui_marker_move -id  Wave.1 C1 2450
gui_marker_move -id  Wave.1 C1 2850
gui_marker_move -id  Wave.1 C1 2750
gui_marker_move -id  Wave.1 C1 2850
gui_marker_move -id  Wave.1 C1 2750
gui_marker_move -id  Wave.1 C1 4609
gui_marker_move -id  Wave.1 C1 4550
gui_marker_move -id  Wave.1 C1 4550
gui_marker_move -id  Wave.1 C1 4650
gui_marker_move -id  Wave.1 C1 2450
gui_marker_move -id  Wave.1 C1 2750
gui_marker_move -id  Wave.1 C1 2850
gui_marker_move -id  Wave.1 C1 2950
gui_marker_move -id  Wave.1 C1 3050
gui_marker_move -id  Wave.1 C1 3150
gui_marker_move -id  Wave.1 C1 3250
gui_marker_move -id  Wave.1 C1 2450
gui_marker_move -id  Wave.1 C1 2850
gui_marker_move -id  Wave.1 C1 2458
gui_marker_select -id  Wave.1 { C1 }
gui_marker_move -id  Wave.1 C1 2450
gui_marker_move -id  Wave.1 C1 2450
gui_marker_move -id  Wave.1 C1 2750
gui_marker_move -id  Wave.1 C1 2850
gui_marker_move -id  Wave.1 C1 2750
gui_marker_move -id  Wave.1 C1 2450
gui_marker_move -id  Wave.1 C1 2450
gui_marker_move -id  Wave.1 C1 2750
