set ucliGUI::state
set ucliGUI::state
ucliCore::getToolPID
synopsys::env hasTB
trigger_hier_stack_context_switch 0
synopsys::xml set_array_limit <data limit="50" />
synopsys::xml set_depth_limit <data limit="100" />
synopsys::xml set_string_limit <data limit="1000" />
synopsys::xml set_only_active_frame <data value="1" />
synopsys::xml set_variable_frame_id <data value="1" />
synUtils::setDVEInitPhase 1
synopsys::dump -type VPD -file /mnt/hgfs/SF/FPU/Processor/verification/target/inter.vpd -locking
synopsys::dump -autoflush on -fid VPD0
synUtils::setDVEInitPhase 0
ucliCore::getToolPID
synUtils::sendTool -active {_icl_start_rpc -version "G-2012.09"}
set ::dve_fid VPD0
config endofsim noexit
config onfail enable all
synopsys::listing -disable
