gui_exclusion -set_force true
# Preference setting overrides
gui_create_pref_key -category {Globals} -key {load_detail_for_funcov} -value_type {bool} -value {false}
gui_create_pref_key -category {Hier} -key {showPowerSwitch} -value_type {bool} -value {false}
gui_create_pref_category -category {dlg_settings}
gui_create_pref_key -category {dlg_settings} -key {tableWithImmediatePopup} -value_type {bool} -value {true}
gui_create_pref_category -category {schem_obj_name}
gui_create_pref_key -category {schem_obj_name} -key {show_cell_and_pin_with_symbol_name} -value_type {bool} -value {false}
gui_create_pref_key -category {schem_pin_hc} -key {textExtFont} -value_type {string} -value {Helvetica,10,-1,5,50,0,0,0,0,0}

# State setting overrides
gui_state_default_create -off -ini
gui_set_state_value -category Globals -key recent_cov_databases -value {{gui_cov_open_dlg -showgui -design /mnt/hgfs/SF/HD32/simv.vdb}}
gui_set_state_value -category Globals -key recent_databases -value {{gui_open_db -file /home/edauser/HD32/inter.vpd -design V1}}
gui_set_state_value -category Globals -key recent_sessions -value {{gui_load_session -file /mnt/hgfs/SF/FPU/Processor/verification/target/DVEfiles/dve_checkpoint_35016_3.tcl} {gui_load_session -file /mnt/hgfs/SF/FPU/Processor/verification/target/DVEfiles/dve_checkpoint_35016_2.tcl} {gui_load_session -file /mnt/hgfs/SF/FPU/Processor/verification/target/DVEfiles/dve_checkpoint_35016_1.tcl}}
gui_set_state_value -category Layout -key child_console_size_x -value 946
gui_set_state_value -category Layout -key child_console_size_y -value 178
gui_set_state_value -category Layout -key child_covdetail_docknewline -value false
gui_set_state_value -category Layout -key child_covdetail_pos_x -value {-2}
gui_set_state_value -category Layout -key child_covdetail_pos_y -value {-15}
gui_set_state_value -category Layout -key child_covdetail_size_x -value 760
gui_set_state_value -category Layout -key child_covdetail_size_y -value 468
gui_set_state_value -category Layout -key child_coveragemap_docknewline -value false
gui_set_state_value -category Layout -key child_coveragemap_pos_x -value {-2}
gui_set_state_value -category Layout -key child_coveragemap_pos_y -value {-15}
gui_set_state_value -category Layout -key child_coveragemap_size_x -value 760
gui_set_state_value -category Layout -key child_coveragemap_size_y -value 468
gui_set_state_value -category Layout -key child_coveragetable_docknewline -value false
gui_set_state_value -category Layout -key child_coveragetable_pos_x -value {-2}
gui_set_state_value -category Layout -key child_coveragetable_pos_y -value {-15}
gui_set_state_value -category Layout -key child_coveragetable_size_x -value 518
gui_set_state_value -category Layout -key child_coveragetable_size_y -value 382
gui_set_state_value -category Layout -key child_data_coltype -value 108
gui_set_state_value -category Layout -key child_data_colvalue -value 16
gui_set_state_value -category Layout -key child_data_colvariable -value 177
gui_set_state_value -category Layout -key child_data_size_x -value 305
gui_set_state_value -category Layout -key child_data_size_y -value 411
gui_set_state_value -category Layout -key child_driver_size_x -value 655
gui_set_state_value -category Layout -key child_driver_size_y -value 196
gui_set_state_value -category Layout -key child_hier_col3 -value {-1}
gui_set_state_value -category Layout -key child_hier_colhier -value 149
gui_set_state_value -category Layout -key child_hier_colpd -value 0
gui_set_state_value -category Layout -key child_hier_coltype -value 28
gui_set_state_value -category Layout -key child_hier_size_x -value 161
gui_set_state_value -category Layout -key child_hier_size_y -value 411
gui_set_state_value -category Layout -key child_schematic_docknewline -value false
gui_set_state_value -category Layout -key child_schematic_pos_x -value {-2}
gui_set_state_value -category Layout -key child_schematic_pos_y -value {-15}
gui_set_state_value -category Layout -key child_schematic_size_x -value 1389
gui_set_state_value -category Layout -key child_schematic_size_y -value 431
gui_set_state_value -category Layout -key child_source_docknewline -value false
gui_set_state_value -category Layout -key child_source_pos_x -value {-2}
gui_set_state_value -category Layout -key child_source_pos_y -value {-15}
gui_set_state_value -category Layout -key child_source_size_x -value 483
gui_set_state_value -category Layout -key child_source_size_y -value 406
gui_set_state_value -category Layout -key child_wave_colname -value 213
gui_set_state_value -category Layout -key child_wave_colvalue -value 148
gui_set_state_value -category Layout -key child_wave_left -value 365
gui_set_state_value -category Layout -key child_wave_right -value 1547
gui_set_state_value -category Layout -key cov_main_pos_x -value 37
gui_set_state_value -category Layout -key cov_main_pos_y -value 119
gui_set_state_value -category Layout -key cov_main_size_x -value 750
gui_set_state_value -category Layout -key cov_main_size_y -value 822
gui_set_state_value -category Layout -key main_pos_x -value 8
gui_set_state_value -category Layout -key main_pos_y -value 77
gui_set_state_value -category Layout -key main_size_x -value 954
gui_set_state_value -category Layout -key main_size_y -value 822
gui_set_state_value -category Layout -key stand_source_child_pos_x -value {-2}
gui_set_state_value -category Layout -key stand_source_child_pos_y -value {-15}
gui_set_state_value -category Layout -key stand_source_child_size_x -value 504
gui_set_state_value -category Layout -key stand_source_child_size_y -value 163
gui_set_state_value -category Layout -key stand_source_top_pos_x -value 454
gui_set_state_value -category Layout -key stand_source_top_pos_y -value 411
gui_set_state_value -category Layout -key stand_source_top_size_x -value 953
gui_set_state_value -category Layout -key stand_source_top_size_y -value 810
gui_set_state_value -category Layout -key stand_wave_child_docknewline -value false
gui_set_state_value -category Layout -key stand_wave_child_pos_x -value {-2}
gui_set_state_value -category Layout -key stand_wave_child_pos_y -value {-15}
gui_set_state_value -category Layout -key stand_wave_child_size_x -value 1922
gui_set_state_value -category Layout -key stand_wave_child_size_y -value 663
gui_set_state_value -category Layout -key stand_wave_top_pos_x -value 62
gui_set_state_value -category Layout -key stand_wave_top_pos_y -value 65
gui_set_state_value -category Layout -key stand_wave_top_size_x -value 1979
gui_set_state_value -category Layout -key stand_wave_top_size_y -value 840
gui_create_state_key -category FindDialog -key m_pMatchCase -value_type bool -value false
gui_create_state_key -category FindDialog -key m_pMatchWord -value_type bool -value false
gui_create_state_key -category FindDialog -key m_pUseCombo -value_type string -value {}
gui_create_state_key -category FindDialog -key m_pWrapAround -value_type bool -value true
gui_create_state_key -category Layout_CoverageTable_covtblFGroupsList -key names -value_type string -value {Group, ,  ,   ,Score,}
gui_create_state_key -category Layout_CoverageTable_covtblFGroupsList -key orders -value_type string -value 3,0,1,2,4,
gui_create_state_key -category Layout_CoverageTable_covtblFGroupsList -key widths -value_type string -value 220,25,0,0,125,
gui_create_state_key -category Layout_CoverageTable_covtblInstancesList -key names -value_type string -value {Name, ,  ,   ,Score,Line,FSM,Condition,Branch,}
gui_create_state_key -category Layout_CoverageTable_covtblInstancesList -key orders -value_type string -value 3,0,1,2,4,5,6,7,8,
gui_create_state_key -category Layout_CoverageTable_covtblInstancesList -key widths -value_type string -value 220,25,0,0,125,125,125,123,125,
gui_create_state_key -category Layout_CoverageTable_covtblModulesList -key names -value_type string -value {Name, ,  ,   ,Score,Line,FSM,Condition,Branch,}
gui_create_state_key -category Layout_CoverageTable_covtblModulesList -key orders -value_type string -value 3,0,1,2,4,5,6,7,8,
gui_create_state_key -category Layout_CoverageTable_covtblModulesList -key widths -value_type string -value 220,25,0,0,125,125,125,125,125,
gui_create_state_key -category Layout_CovDetail_lnListView -key names -value_type string -value Category,Coverage,
gui_create_state_key -category Layout_CovDetail_lnListView -key orders -value_type string -value 0,1,
gui_create_state_key -category Layout_CovDetail_lnListView -key widths -value_type string -value 110,125,
gui_create_state_key -category Layout_CovDetail_tglListView -key names -value_type string -value {Variable, ,  ,   ,Type,Coverage,Display,}
gui_create_state_key -category Layout_CovDetail_tglListView -key orders -value_type string -value 3,0,1,2,4,5,6,
gui_create_state_key -category Layout_CovDetail_tglListView -key widths -value_type string -value 140,25,0,0,50,125,125,
gui_create_state_key -category Layout_CovDetail_tglDetailListView -key names -value_type string -value {Variable, ,  ,   ,0->1,1->0,}
gui_create_state_key -category Layout_CovDetail_tglDetailListView -key orders -value_type string -value 3,0,1,2,4,5,
gui_create_state_key -category Layout_CovDetail_tglDetailListView -key widths -value_type string -value 140,25,0,0,50,50,
gui_create_state_key -category Layout_CovDetail_fsmListView -key names -value_type string -value {FSM, ,  ,   ,State,Transition,Sequence,}
gui_create_state_key -category Layout_CovDetail_fsmListView -key orders -value_type string -value 3,0,1,2,5,4,6,
gui_create_state_key -category Layout_CovDetail_fsmListView -key widths -value_type string -value 64,25,0,0,125,125,125,
gui_create_state_key -category Layout_CovDetail_fsmlist -key names -value_type string -value {Coverage, ,  ,   ,Transition,}
gui_create_state_key -category Layout_CovDetail_fsmlist -key orders -value_type string -value 3,0,1,2,4,
gui_create_state_key -category Layout_CovDetail_fsmlist -key widths -value_type string -value 125,25,0,0,74,
gui_create_state_key -category Layout_CovDetail_cndListView -key names -value_type string -value {Expression, ,  ,   ,ID,Coverage,Line No.,}
gui_create_state_key -category Layout_CovDetail_cndListView -key orders -value_type string -value 3,0,1,2,4,5,6,
gui_create_state_key -category Layout_CovDetail_cndListView -key widths -value_type string -value 320,25,0,0,0,125,64,
gui_create_state_key -category Layout_CovDetail_brListView -key names -value_type string -value {Name, ,  ,   ,Coverage,Line No.,}
gui_create_state_key -category Layout_CovDetail_brListView -key orders -value_type string -value 3,0,1,2,4,5,
gui_create_state_key -category Layout_CovDetail_brListView -key widths -value_type string -value 100,25,0,0,125,64,
gui_create_state_key -category Layout_CovDetail_designAssertListView -key names -value_type string -value {Assert Name, ,  ,   ,Attempts,Real Successes,Failures,Incompletes,Category,Severity,}
gui_create_state_key -category Layout_CovDetail_designAssertListView -key orders -value_type string -value 3,0,1,2,4,5,6,7,8,9,
gui_create_state_key -category Layout_CovDetail_designAssertListView -key widths -value_type string -value 109,25,0,0,65,98,61,83,66,60,
gui_create_state_key -category Layout_CovDetail_codeMiddleSplitter -key value1 -value_type integer -value 274
gui_create_state_key -category Layout_CovDetail_codeMiddleSplitter -key value2 -value_type integer -value 456
gui_create_state_key -category Layout_CovDetail_cndSplitter -key value1 -value_type integer -value 180
gui_create_state_key -category Layout_CovDetail_cndSplitter -key value2 -value_type integer -value 550
gui_create_state_key -category Layout_CovDetail_covGrpInsListView -key names -value_type string -value {Cover Group Item, ,  ,   ,Definition,Score,Goal,Weight,}
gui_create_state_key -category Layout_CovDetail_covGrpInsListView -key orders -value_type string -value 3,0,1,2,4,5,6,7,
gui_create_state_key -category Layout_CovDetail_covGrpInsListView -key widths -value_type string -value 139,25,0,0,72,125,43,56,
gui_create_state_key -category Layout_CovDetail_covGrpDefListView -key names -value_type string -value {Cover Group Item, ,  ,   ,Score,Goal,Weight,}
gui_create_state_key -category Layout_CovDetail_covGrpDefListView -key orders -value_type string -value 3,0,1,2,4,5,6,
gui_create_state_key -category Layout_CovDetail_covGrpDefListView -key widths -value_type string -value 139,25,0,0,125,43,56,
gui_create_state_key -category Layout_CovDetail_m_CovGrpTable -key names -value_type string -value {Bin Name, ,  ,   ,Status,At Least,Size,Hit Count,}
gui_create_state_key -category Layout_CovDetail_m_CovGrpTable -key orders -value_type string -value 3,0,1,2,4,5,6,7,
gui_create_state_key -category Layout_CovDetail_m_CovGrpTable -key widths -value_type string -value 95,25,0,0,150,61,39,71,
gui_create_state_key -category {Layout_CovDetail_assertion list} -key names -value_type string -value {Instance, ,  ,   ,Assert Name,Attempts,Real Successes,Failures,Incompletes,Category,Severity,}
gui_create_state_key -category {Layout_CovDetail_assertion list} -key orders -value_type string -value 3,0,1,2,4,5,6,7,8,9,10,
gui_create_state_key -category {Layout_CovDetail_assertion list} -key widths -value_type string -value 85,25,0,0,86,65,98,110,83,66,60,
gui_create_state_key -category Layout_CovDetail_funMiddleSplitter -key value1 -value_type integer -value 32
gui_create_state_key -category Layout_CovDetail_funMiddleSplitter -key value2 -value_type integer -value 52
gui_create_state_key -category Layout_CovDetail_splitterWithPrefVal -key value1 -value_type integer -value 180
gui_create_state_key -category Layout_CovDetail_splitterWithPrefVal -key value2 -value_type integer -value 256
gui_state_default_create -off

# Begin command logging
gui_open_cov -hier simv.vdb -testdir {} -test {simv/test} -merge MergedTest
gui_list_expand -id  CoverageTable.1   -list {covtblInstancesList} testbench
